<?xml version="1.0"?>
<!--
  Licensed to the Apache Software Foundation (ASF) under one or more
  contributor license agreements.  See the NOTICE file distributed with
  this work for additional information regarding copyright ownership.
  The ASF licenses this file to You under the Apache License, Version 2.0
  (the "License"); you may not use this file except in compliance with
  the License.  You may obtain a copy of the License at

      http://www.apache.org/licenses/LICENSE-2.0

  Unless required by applicable law or agreed to in writing, software
  distributed under the License is distributed on an "AS IS" BASIS,
  WITHOUT WARRANTIES OR CONDITIONS OF ANY KIND, either express or implied.
  See the License for the specific language governing permissions and
  limitations under the License.
-->

<project name="junitlauncher-test" basedir=".">

	<property name="output.dir" location="${java.io.tmpdir}"/>
	<property name="build.classes.dir" value="${build.tests.value}"/>
	<target name="init">
		<mkdir dir="${output.dir}"/>
	</target>

	<path id="junit.platform.classpath">
		<fileset dir="../../../../../lib/optional" includes="junit-platform*.jar"/>
	</path>

	<path id="junit.engine.vintage.classpath">
		<fileset dir="../../../../../lib/optional" includes="junit-vintage-engine*.jar"/>
		<fileset dir="../../../../../lib/optional" includes="junit-*.jar"/>
		<fileset dir="../../../../../lib/optional" includes="hamcrest*.jar"/>
		<fileset dir="../../../../../lib/optional" includes="opentest4j*.jar"/>
	</path>

	<path id="junit.engine.jupiter.classpath">
		<fileset dir="../../../../../lib/optional">
			<include name="junit-jupiter*.jar"/>
			<include name="opentest4j*.jar"/>
		</fileset>
	</path>

	<path id="test.classpath">
		<pathelement location="${build.classes.dir}"/>
		<path refid="junit.engine.vintage.classpath"/>
		<path refid="junit.engine.jupiter.classpath"/>
	</path>

	<target name="test-method-with-include-tag" depends="init">
		<!-- junitlauncher  includeTags="fast, superfast" excludeTags="slow"-->
		<junitlauncher includeTags="   fast   , superfast" excludeTags="   slow">
			<test name="org.example.junitlauncher.jupiter.JupiterSampleTest" outputdir="${output.dir}">
				<listener classname="org.example.junitlauncher.Tracker" outputDir="${output.dir}" resultFile="${test-method-with-include-tag.tracker}" if="test-method-with-include-tag.tracker" />
			</test>
		</junitlauncher>
	</target>

	<target name="test-method-with-exclude-tag" depends="init">
		<junitlauncher excludeTags="slow">
			<test name="org.example.junitlauncher.jupiter.JupiterSampleTest" outputdir="${output.dir}">
				<listener classname="org.example.junitlauncher.Tracker" outputDir="${output.dir}" resultFile="${test-method-with-exclude-tag.tracker}" if="test-method-with-exclude-tag.tracker" />
			</test>
		</junitlauncher>
	</target>

	<target name="test-method-with-tag-2-classes" depends="init">
		<junitlauncher includeTags="fast">
			<test name="org.example.junitlauncher.jupiter.JupiterSampleTest" outputdir="${output.dir}">
				<listener classname="org.example.junitlauncher.Tracker" outputDir="${output.dir}" resultFile="${test-method-with-tag-2-classes1.tracker}" if="test-method-with-tag-2-classes1.tracker" />
			</test>
			<test name="org.example.junitlauncher.jupiter.JupiterTagSampleTest" outputdir="${output.dir}">
				<listener classname="org.example.junitlauncher.Tracker" outputDir="${output.dir}" resultFile="${test-method-with-tag-2-classes2.tracker}" if="test-method-with-tag-2-classes2.tracker" />
			</test>
		</junitlauncher>
	</target>

	<target name="test-method-with-tag-fileset" depends="init">
		<property name="junitlauncher.test.tracker.append.file" value="${output.dir}/${test-method-with-tag-fileset.tracker}"/>
		<junitlauncher includeTags="fast">
			<testclasses outputdir="${output.dir}">
				<fileset dir="${build.classes.dir}">
					<include name="org/example/junitlauncher/jupiter/*" />
				</fileset>
				<listener classname="org.example.junitlauncher.Tracker" outputDir="${output.dir}" if="test-method-with-tag-fileset.tracker" />
			</testclasses>
		</junitlauncher>
	</target>

	<target name="test-method-with-tag-fileset-fork" depends="init">
		<property name="junitlauncher.test.tracker.append.file" value="${output.dir}/${test-method-with-tag-fileset-fork.tracker}" />
		<junitlauncher includeTags="fast">
			<classpath refid="junit.engine.jupiter.classpath" />
					<classpath>
						<pathelement location="${build.classes.dir}" />
					</classpath>
					<classpath refid="junit.platform.classpath" />
			<testclasses outputdir="${output.dir}">
				<fileset dir="${build.classes.dir}">
					<include name="org/example/junitlauncher/jupiter/*" />
				</fileset>
				<fork dir="${basedir}" includeJUnitPlatformLibraries="false">
				</fork>
				<listener classname="org.example.junitlauncher.Tracker" outputDir="${output.dir}" if="test-method-with-tag-fileset-fork.tracker" />
			</testclasses>
		</junitlauncher>
	</target>
			
</project>

